<?xml version="1.0" encoding="UTF-8"?>
<!-- Generated by org.testng.reporters.JUnitReportReporter -->
<testsuite name="com.ebaypractice.tests.Ebaytestpage" tests="1" time="18.800" ignored="0" failures="0" timestamp="15 Jun 2017 05:38:56 GMT" skipped="0" hostname="ICPL11529" errors="0">
  <testcase name="Ebayautomation" time="18.800" classname="com.ebaypractice.tests.Ebaytestpage"/>
</testsuite> <!-- com.ebaypractice.tests.Ebaytestpage -->
